<?xml version="1.0" encoding="UTF-8"?>
<!-- Generated by org.testng.reporters.JUnitReportReporter -->
<testsuite hostname="LAPTOP-NHNEE0FH" failures="0" tests="1" name="MavenDemoTest.MavenDemoTest.BarcodeTest" time="50.472" errors="0" timestamp="2022-01-15T23:29:48 IST" skipped="0">
  <testcase classname="MavenDemoTest.MavenDemoTest.BarcodeTest" name="barcodetest" time="50.472"/>
  <system-out/>
</testsuite> <!-- MavenDemoTest.MavenDemoTest.BarcodeTest -->
