<?xml version="1.0" encoding="UTF-8"?>
<!-- Generated by org.testng.reporters.JUnitReportReporter -->
<testsuite hostname="LAPTOP-NHNEE0FH" failures="0" tests="1" name="MavenDemoTest.MavenDemoTest.Testapp" time="0.018" errors="0" timestamp="2022-01-08T15:25:12 IST" skipped="0">
  <testcase classname="MavenDemoTest.MavenDemoTest.Testapp" name="createTest" time="0.018"/>
  <system-out/>
</testsuite> <!-- MavenDemoTest.MavenDemoTest.Testapp -->
